anaconda/packaging.log:17:02:57,515 DEBUG yum.verbose.YumBase: TSINFO: Marking samba-common-libs-4.7.1-6.el7.x86_64 as install for samba-client-4.7.1-6.el7.x86_64
anaconda/packaging.log:17:02:57,517 DEBUG yum.verbose.YumBase: TSINFO: Marking samba-common-4.7.1-6.el7.noarch as install for samba-client-4.7.1-6.el7.x86_64
anaconda/packaging.log:17:02:57,518 DEBUG yum.verbose.YumBase: Quick matched samba-common-4.7.1-6.el7.noarch to require for samba-common
anaconda/packaging.log:17:02:57,520 DEBUG yum.verbose.YumBase: TSINFO: Marking samba-client-libs-4.7.1-6.el7.x86_64 as install for samba-client-4.7.1-6.el7.x86_64
anaconda/packaging.log:17:02:57,522 DEBUG yum.verbose.YumBase: Quick matched samba-client-libs-4.7.1-6.el7.x86_64 to require for libutil-tdb-samba4.so(SAMBA_4.7.1)(64bit)
anaconda/packaging.log:17:02:57,523 DEBUG yum.verbose.YumBase: Quick matched samba-client-libs-4.7.1-6.el7.x86_64 to require for libutil-reg-samba4.so(SAMBA_4.7.1)(64bit)
anaconda/packaging.log:17:02:57,523 DEBUG yum.verbose.YumBase: Quick matched samba-client-libs-4.7.1-6.el7.x86_64 to require for libutil-cmdline-samba4.so(SAMBA_4.7.1)(64bit)
anaconda/packaging.log:17:02:57,524 DEBUG yum.verbose.YumBase: Quick matched samba-client-libs-4.7.1-6.el7.x86_64 to require for libtrusts-util-samba4.so(SAMBA_4.7.1)(64bit)
anaconda/packaging.log:17:02:57,524 DEBUG yum.verbose.YumBase: Quick matched samba-client-libs-4.7.1-6.el7.x86_64 to require for libtevent-util.so.0(TEVENT_UTIL_0.0.1)(64bit)
anaconda/packaging.log:17:02:57,525 DEBUG yum.verbose.YumBase: Quick matched samba-client-libs-4.7.1-6.el7.x86_64 to require for libsmbconf.so.0(SMBCONF_0)(64bit)
anaconda/packaging.log:17:02:57,525 DEBUG yum.verbose.YumBase: Quick matched samba-client-libs-4.7.1-6.el7.x86_64 to require for libsmbclient-raw-samba4.so(SAMBA_4.7.1)(64bit)
anaconda/packaging.log:17:02:57,526 DEBUG yum.verbose.YumBase: Quick matched samba-client-libs-4.7.1-6.el7.x86_64 to require for libserver-role-samba4.so(SAMBA_4.7.1)(64bit)
anaconda/packaging.log:17:02:57,526 DEBUG yum.verbose.YumBase: Quick matched samba-client-libs-4.7.1-6.el7.x86_64 to require for libsecrets3-samba4.so(SAMBA_4.7.1)(64bit)
anaconda/packaging.log:17:02:57,526 DEBUG yum.verbose.YumBase: Quick matched samba-client-libs-4.7.1-6.el7.x86_64 to require for libsamdb-common-samba4.so(SAMBA_4.7.1)(64bit)
anaconda/packaging.log:17:02:57,527 DEBUG yum.verbose.YumBase: Quick matched samba-client-libs-4.7.1-6.el7.x86_64 to require for libsamba3-util-samba4.so(SAMBA_4.7.1)(64bit)
anaconda/packaging.log:17:02:57,527 DEBUG yum.verbose.YumBase: Quick matched samba-client-libs-4.7.1-6.el7.x86_64 to require for libsamba-util.so.0(SAMBA_UTIL_0.0.1)(64bit)
anaconda/packaging.log:17:02:57,528 DEBUG yum.verbose.YumBase: Quick matched samba-client-libs-4.7.1-6.el7.x86_64 to require for libsamba-sockets-samba4.so(SAMBA_4.7.1)(64bit)
anaconda/packaging.log:17:02:57,528 DEBUG yum.verbose.YumBase: Quick matched samba-client-libs-4.7.1-6.el7.x86_64 to require for libsamba-security-samba4.so(SAMBA_4.7.1)(64bit)
anaconda/packaging.log:17:02:57,529 DEBUG yum.verbose.YumBase: Quick matched samba-client-libs-4.7.1-6.el7.x86_64 to require for libsamba-passdb.so.0(SAMBA_PASSDB_0.2.0)(64bit)
anaconda/packaging.log:17:02:57,529 DEBUG yum.verbose.YumBase: Quick matched samba-client-libs-4.7.1-6.el7.x86_64 to require for libsamba-hostconfig.so.0(SAMBA_HOSTCONFIG_0.0.1)(64bit)
anaconda/packaging.log:17:02:57,529 DEBUG yum.verbose.YumBase: Quick matched samba-client-libs-4.7.1-6.el7.x86_64 to require for libsamba-errors.so.1(SAMBA_ERRORS_1)(64bit)
anaconda/packaging.log:17:02:57,529 DEBUG yum.verbose.YumBase: Quick matched samba-client-libs-4.7.1-6.el7.x86_64 to require for libsamba-debug-samba4.so(SAMBA_4.7.1)(64bit)
anaconda/packaging.log:17:02:57,530 DEBUG yum.verbose.YumBase: Quick matched samba-client-libs-4.7.1-6.el7.x86_64 to require for libsamba-credentials.so.0(SAMBA_CREDENTIALS_0.0.1)(64bit)
anaconda/packaging.log:17:02:57,530 DEBUG yum.verbose.YumBase: Quick matched samba-client-libs-4.7.1-6.el7.x86_64 to require for libreplace-samba4.so(SAMBA_4.7.1)(64bit)
anaconda/packaging.log:17:02:57,530 DEBUG yum.verbose.YumBase: Quick matched samba-client-libs-4.7.1-6.el7.x86_64 to require for libregistry-samba4.so(SAMBA_4.7.1)(64bit)
anaconda/packaging.log:17:02:57,531 DEBUG yum.verbose.YumBase: Quick matched samba-client-libs-4.7.1-6.el7.x86_64 to require for libndr-standard.so.0(NDR_STANDARD_0.0.1)(64bit)
anaconda/packaging.log:17:02:57,531 DEBUG yum.verbose.YumBase: Quick matched samba-client-libs-4.7.1-6.el7.x86_64 to require for libndr-samba4.so(SAMBA_4.7.1)(64bit)
anaconda/packaging.log:17:02:57,531 DEBUG yum.verbose.YumBase: Quick matched samba-client-libs-4.7.1-6.el7.x86_64 to require for libndr-samba-samba4.so(SAMBA_4.7.1)(64bit)
anaconda/packaging.log:17:02:57,532 DEBUG yum.verbose.YumBase: Quick matched samba-client-libs-4.7.1-6.el7.x86_64 to require for libndr-nbt.so.0(NDR_NBT_0.0.1)(64bit)
anaconda/packaging.log:17:02:57,532 DEBUG yum.verbose.YumBase: Quick matched samba-client-libs-4.7.1-6.el7.x86_64 to require for libmsrpc3-samba4.so(SAMBA_4.7.1)(64bit)
anaconda/packaging.log:17:02:57,532 DEBUG yum.verbose.YumBase: Quick matched samba-client-libs-4.7.1-6.el7.x86_64 to require for liblibsmb-samba4.so(SAMBA_4.7.1)(64bit)
anaconda/packaging.log:17:02:57,532 DEBUG yum.verbose.YumBase: Quick matched samba-client-libs-4.7.1-6.el7.x86_64 to require for liblibcli-netlogon3-samba4.so(SAMBA_4.7.1)(64bit)
anaconda/packaging.log:17:02:57,532 DEBUG yum.verbose.YumBase: Quick matched samba-client-libs-4.7.1-6.el7.x86_64 to require for liblibcli-lsa3-samba4.so(SAMBA_4.7.1)(64bit)
anaconda/packaging.log:17:02:57,532 DEBUG yum.verbose.YumBase: Quick matched samba-client-libs-4.7.1-6.el7.x86_64 to require for libldbsamba-samba4.so(SAMBA_4.7.1)(64bit)
anaconda/packaging.log:17:02:57,533 DEBUG yum.verbose.YumBase: TSINFO: Marking libldb-1.2.2-1.el7.x86_64 as install for samba-client-4.7.1-6.el7.x86_64
anaconda/packaging.log:17:02:57,535 DEBUG yum.verbose.YumBase: Quick matched samba-client-libs-4.7.1-6.el7.x86_64 to require for libgensec-samba4.so(SAMBA_4.7.1)(64bit)
anaconda/packaging.log:17:02:57,535 DEBUG yum.verbose.YumBase: Quick matched samba-client-libs-4.7.1-6.el7.x86_64 to require for libgenrand-samba4.so(SAMBA_4.7.1)(64bit)
anaconda/packaging.log:17:02:57,535 DEBUG yum.verbose.YumBase: Quick matched samba-client-libs-4.7.1-6.el7.x86_64 to require for libevents-samba4.so(SAMBA_4.7.1)(64bit)
anaconda/packaging.log:17:02:57,535 DEBUG yum.verbose.YumBase: Quick matched samba-client-libs-4.7.1-6.el7.x86_64 to require for libdcerpc-samba-samba4.so(SAMBA_4.7.1)(64bit)
anaconda/packaging.log:17:02:57,536 DEBUG yum.verbose.YumBase: Quick matched samba-client-libs-4.7.1-6.el7.x86_64 to require for libdcerpc-binding.so.0(DCERPC_BINDING_0.0.1)(64bit)
anaconda/packaging.log:17:02:57,536 DEBUG yum.verbose.YumBase: Quick matched samba-client-libs-4.7.1-6.el7.x86_64 to require for libdbwrap-samba4.so(SAMBA_4.7.1)(64bit)
anaconda/packaging.log:17:02:57,536 DEBUG yum.verbose.YumBase: Quick matched samba-client-libs-4.7.1-6.el7.x86_64 to require for libcmdline-credentials-samba4.so(SAMBA_4.7.1)(64bit)
anaconda/packaging.log:17:02:57,536 DEBUG yum.verbose.YumBase: Quick matched samba-client-libs-4.7.1-6.el7.x86_64 to require for libcliauth-samba4.so(SAMBA_4.7.1)(64bit)
anaconda/packaging.log:17:02:57,536 DEBUG yum.verbose.YumBase: Quick matched samba-client-libs-4.7.1-6.el7.x86_64 to require for libcli-spoolss-samba4.so(SAMBA_4.7.1)(64bit)
anaconda/packaging.log:17:02:57,536 DEBUG yum.verbose.YumBase: Quick matched samba-client-libs-4.7.1-6.el7.x86_64 to require for libcli-smb-common-samba4.so(SAMBA_4.7.1)(64bit)
anaconda/packaging.log:17:02:57,537 DEBUG yum.verbose.YumBase: Quick matched samba-client-libs-4.7.1-6.el7.x86_64 to require for libcli-ldap-samba4.so(SAMBA_4.7.1)(64bit)
anaconda/packaging.log:17:02:57,537 DEBUG yum.verbose.YumBase: Quick matched samba-client-libs-4.7.1-6.el7.x86_64 to require for libcli-cldap-samba4.so(SAMBA_4.7.1)(64bit)
anaconda/packaging.log:17:02:57,537 DEBUG yum.verbose.YumBase: Quick matched samba-client-libs-4.7.1-6.el7.x86_64 to require for libaddns-samba4.so(SAMBA_4.7.1)(64bit)
anaconda/packaging.log:17:02:57,537 DEBUG yum.verbose.YumBase: Quick matched samba-client-libs-4.7.1-6.el7.x86_64 to require for libCHARSET3-samba4.so(SAMBA_4.7.1)(64bit)
anaconda/packaging.log:17:02:57,537 DEBUG yum.verbose.YumBase: Quick matched samba-client-libs-4.7.1-6.el7.x86_64 to require for libutil-tdb-samba4.so()(64bit)
anaconda/packaging.log:17:02:57,537 DEBUG yum.verbose.YumBase: Quick matched samba-client-libs-4.7.1-6.el7.x86_64 to require for libutil-reg-samba4.so()(64bit)
anaconda/packaging.log:17:02:57,537 DEBUG yum.verbose.YumBase: Quick matched samba-client-libs-4.7.1-6.el7.x86_64 to require for libutil-cmdline-samba4.so()(64bit)
anaconda/packaging.log:17:02:57,537 DEBUG yum.verbose.YumBase: Quick matched samba-client-libs-4.7.1-6.el7.x86_64 to require for libtrusts-util-samba4.so()(64bit)
anaconda/packaging.log:17:02:57,538 DEBUG yum.verbose.YumBase: Quick matched samba-client-libs-4.7.1-6.el7.x86_64 to require for libtevent-util.so.0()(64bit)
anaconda/packaging.log:17:02:57,538 DEBUG yum.verbose.YumBase: Quick matched samba-client-libs-4.7.1-6.el7.x86_64 to require for libsmbconf.so.0()(64bit)
anaconda/packaging.log:17:02:57,538 DEBUG yum.verbose.YumBase: Quick matched samba-client-libs-4.7.1-6.el7.x86_64 to require for libsmbclient-raw-samba4.so()(64bit)
anaconda/packaging.log:17:02:57,538 DEBUG yum.verbose.YumBase: Quick matched samba-client-libs-4.7.1-6.el7.x86_64 to require for libserver-role-samba4.so()(64bit)
anaconda/packaging.log:17:02:57,538 DEBUG yum.verbose.YumBase: Quick matched samba-client-libs-4.7.1-6.el7.x86_64 to require for libsecrets3-samba4.so()(64bit)
anaconda/packaging.log:17:02:57,538 DEBUG yum.verbose.YumBase: Quick matched samba-client-libs-4.7.1-6.el7.x86_64 to require for libsamdb-common-samba4.so()(64bit)
anaconda/packaging.log:17:02:57,538 DEBUG yum.verbose.YumBase: Quick matched samba-client-libs-4.7.1-6.el7.x86_64 to require for libsamba3-util-samba4.so()(64bit)
anaconda/packaging.log:17:02:57,538 DEBUG yum.verbose.YumBase: Quick matched samba-client-libs-4.7.1-6.el7.x86_64 to require for libsamba-util.so.0()(64bit)
anaconda/packaging.log:17:02:57,539 DEBUG yum.verbose.YumBase: Quick matched samba-client-libs-4.7.1-6.el7.x86_64 to require for libsamba-sockets-samba4.so()(64bit)
anaconda/packaging.log:17:02:57,539 DEBUG yum.verbose.YumBase: Quick matched samba-client-libs-4.7.1-6.el7.x86_64 to require for libsamba-security-samba4.so()(64bit)
anaconda/packaging.log:17:02:57,539 DEBUG yum.verbose.YumBase: Quick matched samba-client-libs-4.7.1-6.el7.x86_64 to require for libsamba-passdb.so.0()(64bit)
anaconda/packaging.log:17:02:57,539 DEBUG yum.verbose.YumBase: Quick matched samba-client-libs-4.7.1-6.el7.x86_64 to require for libsamba-hostconfig.so.0()(64bit)
anaconda/packaging.log:17:02:57,539 DEBUG yum.verbose.YumBase: Quick matched samba-client-libs-4.7.1-6.el7.x86_64 to require for libsamba-errors.so.1()(64bit)
anaconda/packaging.log:17:02:57,539 DEBUG yum.verbose.YumBase: Quick matched samba-client-libs-4.7.1-6.el7.x86_64 to require for libsamba-debug-samba4.so()(64bit)
anaconda/packaging.log:17:02:57,539 DEBUG yum.verbose.YumBase: Quick matched samba-client-libs-4.7.1-6.el7.x86_64 to require for libsamba-credentials.so.0()(64bit)
anaconda/packaging.log:17:02:57,540 DEBUG yum.verbose.YumBase: Quick matched samba-client-libs-4.7.1-6.el7.x86_64 to require for libreplace-samba4.so()(64bit)
anaconda/packaging.log:17:02:57,540 DEBUG yum.verbose.YumBase: Quick matched samba-client-libs-4.7.1-6.el7.x86_64 to require for libregistry-samba4.so()(64bit)
anaconda/packaging.log:17:02:57,540 DEBUG yum.verbose.YumBase: Quick matched samba-client-libs-4.7.1-6.el7.x86_64 to require for libndr-standard.so.0()(64bit)
anaconda/packaging.log:17:02:57,541 DEBUG yum.verbose.YumBase: Quick matched samba-client-libs-4.7.1-6.el7.x86_64 to require for libndr-samba4.so()(64bit)
anaconda/packaging.log:17:02:57,541 DEBUG yum.verbose.YumBase: Quick matched samba-client-libs-4.7.1-6.el7.x86_64 to require for libndr-samba-samba4.so()(64bit)
anaconda/packaging.log:17:02:57,541 DEBUG yum.verbose.YumBase: Quick matched samba-client-libs-4.7.1-6.el7.x86_64 to require for libndr-nbt.so.0()(64bit)
anaconda/packaging.log:17:02:57,541 DEBUG yum.verbose.YumBase: Quick matched samba-client-libs-4.7.1-6.el7.x86_64 to require for libmsrpc3-samba4.so()(64bit)
anaconda/packaging.log:17:02:57,541 DEBUG yum.verbose.YumBase: Quick matched samba-client-libs-4.7.1-6.el7.x86_64 to require for liblibsmb-samba4.so()(64bit)
anaconda/packaging.log:17:02:57,541 DEBUG yum.verbose.YumBase: Quick matched samba-client-libs-4.7.1-6.el7.x86_64 to require for liblibcli-netlogon3-samba4.so()(64bit)
anaconda/packaging.log:17:02:57,542 DEBUG yum.verbose.YumBase: Quick matched samba-client-libs-4.7.1-6.el7.x86_64 to require for liblibcli-lsa3-samba4.so()(64bit)
anaconda/packaging.log:17:02:57,542 DEBUG yum.verbose.YumBase: Quick matched samba-client-libs-4.7.1-6.el7.x86_64 to require for libldbsamba-samba4.so()(64bit)
anaconda/packaging.log:17:02:57,543 DEBUG yum.verbose.YumBase: Quick matched samba-client-libs-4.7.1-6.el7.x86_64 to require for libgensec-samba4.so()(64bit)
anaconda/packaging.log:17:02:57,543 DEBUG yum.verbose.YumBase: Quick matched samba-client-libs-4.7.1-6.el7.x86_64 to require for libgenrand-samba4.so()(64bit)
anaconda/packaging.log:17:02:57,543 DEBUG yum.verbose.YumBase: Quick matched samba-client-libs-4.7.1-6.el7.x86_64 to require for libevents-samba4.so()(64bit)
anaconda/packaging.log:17:02:57,543 DEBUG yum.verbose.YumBase: Quick matched samba-client-libs-4.7.1-6.el7.x86_64 to require for libdcerpc-samba-samba4.so()(64bit)
anaconda/packaging.log:17:02:57,544 DEBUG yum.verbose.YumBase: Quick matched samba-client-libs-4.7.1-6.el7.x86_64 to require for libdcerpc-binding.so.0()(64bit)
anaconda/packaging.log:17:02:57,544 DEBUG yum.verbose.YumBase: Quick matched samba-client-libs-4.7.1-6.el7.x86_64 to require for libdbwrap-samba4.so()(64bit)
anaconda/packaging.log:17:02:57,544 DEBUG yum.verbose.YumBase: Quick matched samba-client-libs-4.7.1-6.el7.x86_64 to require for libcmdline-credentials-samba4.so()(64bit)
anaconda/packaging.log:17:02:57,545 DEBUG yum.verbose.YumBase: Quick matched samba-client-libs-4.7.1-6.el7.x86_64 to require for libcliauth-samba4.so()(64bit)
anaconda/packaging.log:17:02:57,545 DEBUG yum.verbose.YumBase: Quick matched samba-client-libs-4.7.1-6.el7.x86_64 to require for libcli-spoolss-samba4.so()(64bit)
anaconda/packaging.log:17:02:57,545 DEBUG yum.verbose.YumBase: Quick matched samba-client-libs-4.7.1-6.el7.x86_64 to require for libcli-smb-common-samba4.so()(64bit)
anaconda/packaging.log:17:02:57,546 DEBUG yum.verbose.YumBase: Quick matched samba-client-libs-4.7.1-6.el7.x86_64 to require for libcli-ldap-samba4.so()(64bit)
anaconda/packaging.log:17:02:57,546 DEBUG yum.verbose.YumBase: Quick matched samba-client-libs-4.7.1-6.el7.x86_64 to require for libcli-cldap-samba4.so()(64bit)
anaconda/packaging.log:17:02:57,546 DEBUG yum.verbose.YumBase: Quick matched samba-client-libs-4.7.1-6.el7.x86_64 to require for libaddns-samba4.so()(64bit)
anaconda/packaging.log:17:02:57,546 DEBUG yum.verbose.YumBase: Quick matched samba-client-libs-4.7.1-6.el7.x86_64 to require for libCHARSET3-samba4.so()(64bit)
anaconda/packaging.log:17:03:39,121 DEBUG yum.verbose.YumBase: TSINFO: Marking samba-common-libs-4.7.1-6.el7.x86_64 as install for samba-client-4.7.1-6.el7.x86_64
anaconda/packaging.log:17:03:39,122 DEBUG yum.verbose.YumBase: TSINFO: Marking samba-common-4.7.1-6.el7.noarch as install for samba-client-4.7.1-6.el7.x86_64
anaconda/packaging.log:17:03:39,123 DEBUG yum.verbose.YumBase: Quick matched samba-common-4.7.1-6.el7.noarch to require for samba-common
anaconda/packaging.log:17:03:39,125 DEBUG yum.verbose.YumBase: TSINFO: Marking samba-client-libs-4.7.1-6.el7.x86_64 as install for samba-client-4.7.1-6.el7.x86_64
anaconda/packaging.log:17:03:39,127 DEBUG yum.verbose.YumBase: Quick matched samba-client-libs-4.7.1-6.el7.x86_64 to require for libutil-tdb-samba4.so(SAMBA_4.7.1)(64bit)
anaconda/packaging.log:17:03:39,127 DEBUG yum.verbose.YumBase: Quick matched samba-client-libs-4.7.1-6.el7.x86_64 to require for libutil-reg-samba4.so(SAMBA_4.7.1)(64bit)
anaconda/packaging.log:17:03:39,127 DEBUG yum.verbose.YumBase: Quick matched samba-client-libs-4.7.1-6.el7.x86_64 to require for libutil-cmdline-samba4.so(SAMBA_4.7.1)(64bit)
anaconda/packaging.log:17:03:39,127 DEBUG yum.verbose.YumBase: Quick matched samba-client-libs-4.7.1-6.el7.x86_64 to require for libtrusts-util-samba4.so(SAMBA_4.7.1)(64bit)
anaconda/packaging.log:17:03:39,127 DEBUG yum.verbose.YumBase: Quick matched samba-client-libs-4.7.1-6.el7.x86_64 to require for libtevent-util.so.0(TEVENT_UTIL_0.0.1)(64bit)
anaconda/packaging.log:17:03:39,127 DEBUG yum.verbose.YumBase: Quick matched samba-client-libs-4.7.1-6.el7.x86_64 to require for libsmbconf.so.0(SMBCONF_0)(64bit)
anaconda/packaging.log:17:03:39,128 DEBUG yum.verbose.YumBase: Quick matched samba-client-libs-4.7.1-6.el7.x86_64 to require for libsmbclient-raw-samba4.so(SAMBA_4.7.1)(64bit)
anaconda/packaging.log:17:03:39,128 DEBUG yum.verbose.YumBase: Quick matched samba-client-libs-4.7.1-6.el7.x86_64 to require for libserver-role-samba4.so(SAMBA_4.7.1)(64bit)
anaconda/packaging.log:17:03:39,128 DEBUG yum.verbose.YumBase: Quick matched samba-client-libs-4.7.1-6.el7.x86_64 to require for libsecrets3-samba4.so(SAMBA_4.7.1)(64bit)
anaconda/packaging.log:17:03:39,128 DEBUG yum.verbose.YumBase: Quick matched samba-client-libs-4.7.1-6.el7.x86_64 to require for libsamdb-common-samba4.so(SAMBA_4.7.1)(64bit)
anaconda/packaging.log:17:03:39,129 DEBUG yum.verbose.YumBase: Quick matched samba-client-libs-4.7.1-6.el7.x86_64 to require for libsamba3-util-samba4.so(SAMBA_4.7.1)(64bit)
anaconda/packaging.log:17:03:39,129 DEBUG yum.verbose.YumBase: Quick matched samba-client-libs-4.7.1-6.el7.x86_64 to require for libsamba-util.so.0(SAMBA_UTIL_0.0.1)(64bit)
anaconda/packaging.log:17:03:39,129 DEBUG yum.verbose.YumBase: Quick matched samba-client-libs-4.7.1-6.el7.x86_64 to require for libsamba-sockets-samba4.so(SAMBA_4.7.1)(64bit)
anaconda/packaging.log:17:03:39,129 DEBUG yum.verbose.YumBase: Quick matched samba-client-libs-4.7.1-6.el7.x86_64 to require for libsamba-security-samba4.so(SAMBA_4.7.1)(64bit)
anaconda/packaging.log:17:03:39,129 DEBUG yum.verbose.YumBase: Quick matched samba-client-libs-4.7.1-6.el7.x86_64 to require for libsamba-passdb.so.0(SAMBA_PASSDB_0.2.0)(64bit)
anaconda/packaging.log:17:03:39,130 DEBUG yum.verbose.YumBase: Quick matched samba-client-libs-4.7.1-6.el7.x86_64 to require for libsamba-hostconfig.so.0(SAMBA_HOSTCONFIG_0.0.1)(64bit)
anaconda/packaging.log:17:03:39,130 DEBUG yum.verbose.YumBase: Quick matched samba-client-libs-4.7.1-6.el7.x86_64 to require for libsamba-errors.so.1(SAMBA_ERRORS_1)(64bit)
anaconda/packaging.log:17:03:39,130 DEBUG yum.verbose.YumBase: Quick matched samba-client-libs-4.7.1-6.el7.x86_64 to require for libsamba-debug-samba4.so(SAMBA_4.7.1)(64bit)
anaconda/packaging.log:17:03:39,130 DEBUG yum.verbose.YumBase: Quick matched samba-client-libs-4.7.1-6.el7.x86_64 to require for libsamba-credentials.so.0(SAMBA_CREDENTIALS_0.0.1)(64bit)
anaconda/packaging.log:17:03:39,130 DEBUG yum.verbose.YumBase: Quick matched samba-client-libs-4.7.1-6.el7.x86_64 to require for libreplace-samba4.so(SAMBA_4.7.1)(64bit)
anaconda/packaging.log:17:03:39,131 DEBUG yum.verbose.YumBase: Quick matched samba-client-libs-4.7.1-6.el7.x86_64 to require for libregistry-samba4.so(SAMBA_4.7.1)(64bit)
anaconda/packaging.log:17:03:39,132 DEBUG yum.verbose.YumBase: Quick matched samba-client-libs-4.7.1-6.el7.x86_64 to require for libndr-standard.so.0(NDR_STANDARD_0.0.1)(64bit)
anaconda/packaging.log:17:03:39,132 DEBUG yum.verbose.YumBase: Quick matched samba-client-libs-4.7.1-6.el7.x86_64 to require for libndr-samba4.so(SAMBA_4.7.1)(64bit)
anaconda/packaging.log:17:03:39,132 DEBUG yum.verbose.YumBase: Quick matched samba-client-libs-4.7.1-6.el7.x86_64 to require for libndr-samba-samba4.so(SAMBA_4.7.1)(64bit)
anaconda/packaging.log:17:03:39,133 DEBUG yum.verbose.YumBase: Quick matched samba-client-libs-4.7.1-6.el7.x86_64 to require for libndr-nbt.so.0(NDR_NBT_0.0.1)(64bit)
anaconda/packaging.log:17:03:39,133 DEBUG yum.verbose.YumBase: Quick matched samba-client-libs-4.7.1-6.el7.x86_64 to require for libmsrpc3-samba4.so(SAMBA_4.7.1)(64bit)
anaconda/packaging.log:17:03:39,133 DEBUG yum.verbose.YumBase: Quick matched samba-client-libs-4.7.1-6.el7.x86_64 to require for liblibsmb-samba4.so(SAMBA_4.7.1)(64bit)
anaconda/packaging.log:17:03:39,133 DEBUG yum.verbose.YumBase: Quick matched samba-client-libs-4.7.1-6.el7.x86_64 to require for liblibcli-netlogon3-samba4.so(SAMBA_4.7.1)(64bit)
anaconda/packaging.log:17:03:39,133 DEBUG yum.verbose.YumBase: Quick matched samba-client-libs-4.7.1-6.el7.x86_64 to require for liblibcli-lsa3-samba4.so(SAMBA_4.7.1)(64bit)
anaconda/packaging.log:17:03:39,134 DEBUG yum.verbose.YumBase: Quick matched samba-client-libs-4.7.1-6.el7.x86_64 to require for libldbsamba-samba4.so(SAMBA_4.7.1)(64bit)
anaconda/packaging.log:17:03:39,135 DEBUG yum.verbose.YumBase: TSINFO: Marking libldb-1.2.2-1.el7.x86_64 as install for samba-client-4.7.1-6.el7.x86_64
anaconda/packaging.log:17:03:39,136 DEBUG yum.verbose.YumBase: Quick matched samba-client-libs-4.7.1-6.el7.x86_64 to require for libgensec-samba4.so(SAMBA_4.7.1)(64bit)
anaconda/packaging.log:17:03:39,136 DEBUG yum.verbose.YumBase: Quick matched samba-client-libs-4.7.1-6.el7.x86_64 to require for libgenrand-samba4.so(SAMBA_4.7.1)(64bit)
anaconda/packaging.log:17:03:39,136 DEBUG yum.verbose.YumBase: Quick matched samba-client-libs-4.7.1-6.el7.x86_64 to require for libevents-samba4.so(SAMBA_4.7.1)(64bit)
anaconda/packaging.log:17:03:39,136 DEBUG yum.verbose.YumBase: Quick matched samba-client-libs-4.7.1-6.el7.x86_64 to require for libdcerpc-samba-samba4.so(SAMBA_4.7.1)(64bit)
anaconda/packaging.log:17:03:39,137 DEBUG yum.verbose.YumBase: Quick matched samba-client-libs-4.7.1-6.el7.x86_64 to require for libdcerpc-binding.so.0(DCERPC_BINDING_0.0.1)(64bit)
anaconda/packaging.log:17:03:39,137 DEBUG yum.verbose.YumBase: Quick matched samba-client-libs-4.7.1-6.el7.x86_64 to require for libdbwrap-samba4.so(SAMBA_4.7.1)(64bit)
anaconda/packaging.log:17:03:39,137 DEBUG yum.verbose.YumBase: Quick matched samba-client-libs-4.7.1-6.el7.x86_64 to require for libcmdline-credentials-samba4.so(SAMBA_4.7.1)(64bit)
anaconda/packaging.log:17:03:39,137 DEBUG yum.verbose.YumBase: Quick matched samba-client-libs-4.7.1-6.el7.x86_64 to require for libcliauth-samba4.so(SAMBA_4.7.1)(64bit)
anaconda/packaging.log:17:03:39,137 DEBUG yum.verbose.YumBase: Quick matched samba-client-libs-4.7.1-6.el7.x86_64 to require for libcli-spoolss-samba4.so(SAMBA_4.7.1)(64bit)
anaconda/packaging.log:17:03:39,137 DEBUG yum.verbose.YumBase: Quick matched samba-client-libs-4.7.1-6.el7.x86_64 to require for libcli-smb-common-samba4.so(SAMBA_4.7.1)(64bit)
anaconda/packaging.log:17:03:39,138 DEBUG yum.verbose.YumBase: Quick matched samba-client-libs-4.7.1-6.el7.x86_64 to require for libcli-ldap-samba4.so(SAMBA_4.7.1)(64bit)
anaconda/packaging.log:17:03:39,138 DEBUG yum.verbose.YumBase: Quick matched samba-client-libs-4.7.1-6.el7.x86_64 to require for libcli-cldap-samba4.so(SAMBA_4.7.1)(64bit)
anaconda/packaging.log:17:03:39,138 DEBUG yum.verbose.YumBase: Quick matched samba-client-libs-4.7.1-6.el7.x86_64 to require for libaddns-samba4.so(SAMBA_4.7.1)(64bit)
anaconda/packaging.log:17:03:39,138 DEBUG yum.verbose.YumBase: Quick matched samba-client-libs-4.7.1-6.el7.x86_64 to require for libCHARSET3-samba4.so(SAMBA_4.7.1)(64bit)
anaconda/packaging.log:17:03:39,138 DEBUG yum.verbose.YumBase: Quick matched samba-client-libs-4.7.1-6.el7.x86_64 to require for libutil-tdb-samba4.so()(64bit)
anaconda/packaging.log:17:03:39,139 DEBUG yum.verbose.YumBase: Quick matched samba-client-libs-4.7.1-6.el7.x86_64 to require for libutil-reg-samba4.so()(64bit)
anaconda/packaging.log:17:03:39,139 DEBUG yum.verbose.YumBase: Quick matched samba-client-libs-4.7.1-6.el7.x86_64 to require for libutil-cmdline-samba4.so()(64bit)
anaconda/packaging.log:17:03:39,139 DEBUG yum.verbose.YumBase: Quick matched samba-client-libs-4.7.1-6.el7.x86_64 to require for libtrusts-util-samba4.so()(64bit)
anaconda/packaging.log:17:03:39,139 DEBUG yum.verbose.YumBase: Quick matched samba-client-libs-4.7.1-6.el7.x86_64 to require for libtevent-util.so.0()(64bit)
anaconda/packaging.log:17:03:39,140 DEBUG yum.verbose.YumBase: Quick matched samba-client-libs-4.7.1-6.el7.x86_64 to require for libsmbconf.so.0()(64bit)
anaconda/packaging.log:17:03:39,140 DEBUG yum.verbose.YumBase: Quick matched samba-client-libs-4.7.1-6.el7.x86_64 to require for libsmbclient-raw-samba4.so()(64bit)
anaconda/packaging.log:17:03:39,140 DEBUG yum.verbose.YumBase: Quick matched samba-client-libs-4.7.1-6.el7.x86_64 to require for libserver-role-samba4.so()(64bit)
anaconda/packaging.log:17:03:39,141 DEBUG yum.verbose.YumBase: Quick matched samba-client-libs-4.7.1-6.el7.x86_64 to require for libsecrets3-samba4.so()(64bit)
anaconda/packaging.log:17:03:39,141 DEBUG yum.verbose.YumBase: Quick matched samba-client-libs-4.7.1-6.el7.x86_64 to require for libsamdb-common-samba4.so()(64bit)
anaconda/packaging.log:17:03:39,141 DEBUG yum.verbose.YumBase: Quick matched samba-client-libs-4.7.1-6.el7.x86_64 to require for libsamba3-util-samba4.so()(64bit)
anaconda/packaging.log:17:03:39,141 DEBUG yum.verbose.YumBase: Quick matched samba-client-libs-4.7.1-6.el7.x86_64 to require for libsamba-util.so.0()(64bit)
anaconda/packaging.log:17:03:39,141 DEBUG yum.verbose.YumBase: Quick matched samba-client-libs-4.7.1-6.el7.x86_64 to require for libsamba-sockets-samba4.so()(64bit)
anaconda/packaging.log:17:03:39,141 DEBUG yum.verbose.YumBase: Quick matched samba-client-libs-4.7.1-6.el7.x86_64 to require for libsamba-security-samba4.so()(64bit)
anaconda/packaging.log:17:03:39,142 DEBUG yum.verbose.YumBase: Quick matched samba-client-libs-4.7.1-6.el7.x86_64 to require for libsamba-passdb.so.0()(64bit)
anaconda/packaging.log:17:03:39,142 DEBUG yum.verbose.YumBase: Quick matched samba-client-libs-4.7.1-6.el7.x86_64 to require for libsamba-hostconfig.so.0()(64bit)
anaconda/packaging.log:17:03:39,142 DEBUG yum.verbose.YumBase: Quick matched samba-client-libs-4.7.1-6.el7.x86_64 to require for libsamba-errors.so.1()(64bit)
anaconda/packaging.log:17:03:39,142 DEBUG yum.verbose.YumBase: Quick matched samba-client-libs-4.7.1-6.el7.x86_64 to require for libsamba-debug-samba4.so()(64bit)
anaconda/packaging.log:17:03:39,142 DEBUG yum.verbose.YumBase: Quick matched samba-client-libs-4.7.1-6.el7.x86_64 to require for libsamba-credentials.so.0()(64bit)
anaconda/packaging.log:17:03:39,142 DEBUG yum.verbose.YumBase: Quick matched samba-client-libs-4.7.1-6.el7.x86_64 to require for libreplace-samba4.so()(64bit)
anaconda/packaging.log:17:03:39,143 DEBUG yum.verbose.YumBase: Quick matched samba-client-libs-4.7.1-6.el7.x86_64 to require for libregistry-samba4.so()(64bit)
anaconda/packaging.log:17:03:39,144 DEBUG yum.verbose.YumBase: Quick matched samba-client-libs-4.7.1-6.el7.x86_64 to require for libndr-standard.so.0()(64bit)
anaconda/packaging.log:17:03:39,144 DEBUG yum.verbose.YumBase: Quick matched samba-client-libs-4.7.1-6.el7.x86_64 to require for libndr-samba4.so()(64bit)
anaconda/packaging.log:17:03:39,144 DEBUG yum.verbose.YumBase: Quick matched samba-client-libs-4.7.1-6.el7.x86_64 to require for libndr-samba-samba4.so()(64bit)
anaconda/packaging.log:17:03:39,144 DEBUG yum.verbose.YumBase: Quick matched samba-client-libs-4.7.1-6.el7.x86_64 to require for libndr-nbt.so.0()(64bit)
anaconda/packaging.log:17:03:39,144 DEBUG yum.verbose.YumBase: Quick matched samba-client-libs-4.7.1-6.el7.x86_64 to require for libmsrpc3-samba4.so()(64bit)
anaconda/packaging.log:17:03:39,144 DEBUG yum.verbose.YumBase: Quick matched samba-client-libs-4.7.1-6.el7.x86_64 to require for liblibsmb-samba4.so()(64bit)
anaconda/packaging.log:17:03:39,144 DEBUG yum.verbose.YumBase: Quick matched samba-client-libs-4.7.1-6.el7.x86_64 to require for liblibcli-netlogon3-samba4.so()(64bit)
anaconda/packaging.log:17:03:39,144 DEBUG yum.verbose.YumBase: Quick matched samba-client-libs-4.7.1-6.el7.x86_64 to require for liblibcli-lsa3-samba4.so()(64bit)
anaconda/packaging.log:17:03:39,145 DEBUG yum.verbose.YumBase: Quick matched samba-client-libs-4.7.1-6.el7.x86_64 to require for libldbsamba-samba4.so()(64bit)
anaconda/packaging.log:17:03:39,145 DEBUG yum.verbose.YumBase: Quick matched samba-client-libs-4.7.1-6.el7.x86_64 to require for libgensec-samba4.so()(64bit)
anaconda/packaging.log:17:03:39,146 DEBUG yum.verbose.YumBase: Quick matched samba-client-libs-4.7.1-6.el7.x86_64 to require for libgenrand-samba4.so()(64bit)
anaconda/packaging.log:17:03:39,146 DEBUG yum.verbose.YumBase: Quick matched samba-client-libs-4.7.1-6.el7.x86_64 to require for libevents-samba4.so()(64bit)
anaconda/packaging.log:17:03:39,146 DEBUG yum.verbose.YumBase: Quick matched samba-client-libs-4.7.1-6.el7.x86_64 to require for libdcerpc-samba-samba4.so()(64bit)
anaconda/packaging.log:17:03:39,146 DEBUG yum.verbose.YumBase: Quick matched samba-client-libs-4.7.1-6.el7.x86_64 to require for libdcerpc-binding.so.0()(64bit)
anaconda/packaging.log:17:03:39,146 DEBUG yum.verbose.YumBase: Quick matched samba-client-libs-4.7.1-6.el7.x86_64 to require for libdbwrap-samba4.so()(64bit)
anaconda/packaging.log:17:03:39,146 DEBUG yum.verbose.YumBase: Quick matched samba-client-libs-4.7.1-6.el7.x86_64 to require for libcmdline-credentials-samba4.so()(64bit)
anaconda/packaging.log:17:03:39,146 DEBUG yum.verbose.YumBase: Quick matched samba-client-libs-4.7.1-6.el7.x86_64 to require for libcliauth-samba4.so()(64bit)
anaconda/packaging.log:17:03:39,146 DEBUG yum.verbose.YumBase: Quick matched samba-client-libs-4.7.1-6.el7.x86_64 to require for libcli-spoolss-samba4.so()(64bit)
anaconda/packaging.log:17:03:39,147 DEBUG yum.verbose.YumBase: Quick matched samba-client-libs-4.7.1-6.el7.x86_64 to require for libcli-smb-common-samba4.so()(64bit)
anaconda/packaging.log:17:03:39,147 DEBUG yum.verbose.YumBase: Quick matched samba-client-libs-4.7.1-6.el7.x86_64 to require for libcli-ldap-samba4.so()(64bit)
anaconda/packaging.log:17:03:39,147 DEBUG yum.verbose.YumBase: Quick matched samba-client-libs-4.7.1-6.el7.x86_64 to require for libcli-cldap-samba4.so()(64bit)
anaconda/packaging.log:17:03:39,147 DEBUG yum.verbose.YumBase: Quick matched samba-client-libs-4.7.1-6.el7.x86_64 to require for libaddns-samba4.so()(64bit)
anaconda/packaging.log:17:03:39,147 DEBUG yum.verbose.YumBase: Quick matched samba-client-libs-4.7.1-6.el7.x86_64 to require for libCHARSET3-samba4.so()(64bit)
anaconda/packaging.log:17:44:39,608 INFO packaging: samba-common-4.7.1-6.el7.noarch (651/1365)
anaconda/packaging.log:17:44:39,608 INFO packaging: samba-common-libs-4.7.1-6.el7.x86_64 (652/1365)
anaconda/packaging.log:17:44:39,608 INFO packaging: samba-client-libs-4.7.1-6.el7.x86_64 (654/1365)
anaconda/packaging.log:17:44:39,749 INFO packaging: samba-client-4.7.1-6.el7.x86_64 (1240/1365)
anaconda/journal.log:Oct 07 15:02:57 localhost yum[1293]: TSINFO: Marking samba-common-libs-4.7.1-6.el7.x86_64 as install for samba-client-4.7.1-6.el7.x86_64
anaconda/journal.log:Oct 07 15:02:57 localhost yum[1293]: TSINFO: Marking samba-common-4.7.1-6.el7.noarch as install for samba-client-4.7.1-6.el7.x86_64
anaconda/journal.log:Oct 07 15:02:57 localhost yum[1293]: Quick matched samba-common-4.7.1-6.el7.noarch to require for samba-common
anaconda/journal.log:Oct 07 15:02:57 localhost yum[1293]: TSINFO: Marking samba-client-libs-4.7.1-6.el7.x86_64 as install for samba-client-4.7.1-6.el7.x86_64
anaconda/journal.log:Oct 07 15:02:57 localhost yum[1293]: Quick matched samba-client-libs-4.7.1-6.el7.x86_64 to require for libutil-tdb-samba4.so(SAMBA_4.7.1)(64bit)
anaconda/journal.log:Oct 07 15:02:57 localhost yum[1293]: Quick matched samba-client-libs-4.7.1-6.el7.x86_64 to require for libutil-reg-samba4.so(SAMBA_4.7.1)(64bit)
anaconda/journal.log:Oct 07 15:02:57 localhost yum[1293]: Quick matched samba-client-libs-4.7.1-6.el7.x86_64 to require for libutil-cmdline-samba4.so(SAMBA_4.7.1)(64bit)
anaconda/journal.log:Oct 07 15:02:57 localhost yum[1293]: Quick matched samba-client-libs-4.7.1-6.el7.x86_64 to require for libtrusts-util-samba4.so(SAMBA_4.7.1)(64bit)
anaconda/journal.log:Oct 07 15:02:57 localhost yum[1293]: Quick matched samba-client-libs-4.7.1-6.el7.x86_64 to require for libtevent-util.so.0(TEVENT_UTIL_0.0.1)(64bit)
anaconda/journal.log:Oct 07 15:02:57 localhost yum[1293]: Quick matched samba-client-libs-4.7.1-6.el7.x86_64 to require for libsmbconf.so.0(SMBCONF_0)(64bit)
anaconda/journal.log:Oct 07 15:02:57 localhost yum[1293]: Quick matched samba-client-libs-4.7.1-6.el7.x86_64 to require for libsmbclient-raw-samba4.so(SAMBA_4.7.1)(64bit)
anaconda/journal.log:Oct 07 15:02:57 localhost yum[1293]: Quick matched samba-client-libs-4.7.1-6.el7.x86_64 to require for libserver-role-samba4.so(SAMBA_4.7.1)(64bit)
anaconda/journal.log:Oct 07 15:02:57 localhost yum[1293]: Quick matched samba-client-libs-4.7.1-6.el7.x86_64 to require for libsecrets3-samba4.so(SAMBA_4.7.1)(64bit)
anaconda/journal.log:Oct 07 15:02:57 localhost yum[1293]: Quick matched samba-client-libs-4.7.1-6.el7.x86_64 to require for libsamdb-common-samba4.so(SAMBA_4.7.1)(64bit)
anaconda/journal.log:Oct 07 15:02:57 localhost yum[1293]: Quick matched samba-client-libs-4.7.1-6.el7.x86_64 to require for libsamba3-util-samba4.so(SAMBA_4.7.1)(64bit)
anaconda/journal.log:Oct 07 15:02:57 localhost yum[1293]: Quick matched samba-client-libs-4.7.1-6.el7.x86_64 to require for libsamba-util.so.0(SAMBA_UTIL_0.0.1)(64bit)
anaconda/journal.log:Oct 07 15:02:57 localhost yum[1293]: Quick matched samba-client-libs-4.7.1-6.el7.x86_64 to require for libsamba-sockets-samba4.so(SAMBA_4.7.1)(64bit)
anaconda/journal.log:Oct 07 15:02:57 localhost yum[1293]: Quick matched samba-client-libs-4.7.1-6.el7.x86_64 to require for libsamba-security-samba4.so(SAMBA_4.7.1)(64bit)
anaconda/journal.log:Oct 07 15:02:57 localhost yum[1293]: Quick matched samba-client-libs-4.7.1-6.el7.x86_64 to require for libsamba-passdb.so.0(SAMBA_PASSDB_0.2.0)(64bit)
anaconda/journal.log:Oct 07 15:02:57 localhost yum[1293]: Quick matched samba-client-libs-4.7.1-6.el7.x86_64 to require for libsamba-hostconfig.so.0(SAMBA_HOSTCONFIG_0.0.1)(64bit)
anaconda/journal.log:Oct 07 15:02:57 localhost yum[1293]: Quick matched samba-client-libs-4.7.1-6.el7.x86_64 to require for libsamba-errors.so.1(SAMBA_ERRORS_1)(64bit)
anaconda/journal.log:Oct 07 15:02:57 localhost yum[1293]: Quick matched samba-client-libs-4.7.1-6.el7.x86_64 to require for libsamba-debug-samba4.so(SAMBA_4.7.1)(64bit)
anaconda/journal.log:Oct 07 15:02:57 localhost yum[1293]: Quick matched samba-client-libs-4.7.1-6.el7.x86_64 to require for libsamba-credentials.so.0(SAMBA_CREDENTIALS_0.0.1)(64bit)
anaconda/journal.log:Oct 07 15:02:57 localhost yum[1293]: Quick matched samba-client-libs-4.7.1-6.el7.x86_64 to require for libreplace-samba4.so(SAMBA_4.7.1)(64bit)
anaconda/journal.log:Oct 07 15:02:57 localhost yum[1293]: Quick matched samba-client-libs-4.7.1-6.el7.x86_64 to require for libregistry-samba4.so(SAMBA_4.7.1)(64bit)
anaconda/journal.log:Oct 07 15:02:57 localhost yum[1293]: Quick matched samba-client-libs-4.7.1-6.el7.x86_64 to require for libndr-standard.so.0(NDR_STANDARD_0.0.1)(64bit)
anaconda/journal.log:Oct 07 15:02:57 localhost yum[1293]: Quick matched samba-client-libs-4.7.1-6.el7.x86_64 to require for libndr-samba4.so(SAMBA_4.7.1)(64bit)
anaconda/journal.log:Oct 07 15:02:57 localhost yum[1293]: Quick matched samba-client-libs-4.7.1-6.el7.x86_64 to require for libndr-samba-samba4.so(SAMBA_4.7.1)(64bit)
anaconda/journal.log:Oct 07 15:02:57 localhost yum[1293]: Quick matched samba-client-libs-4.7.1-6.el7.x86_64 to require for libndr-nbt.so.0(NDR_NBT_0.0.1)(64bit)
anaconda/journal.log:Oct 07 15:02:57 localhost yum[1293]: Quick matched samba-client-libs-4.7.1-6.el7.x86_64 to require for libmsrpc3-samba4.so(SAMBA_4.7.1)(64bit)
anaconda/journal.log:Oct 07 15:02:57 localhost yum[1293]: Quick matched samba-client-libs-4.7.1-6.el7.x86_64 to require for liblibsmb-samba4.so(SAMBA_4.7.1)(64bit)
anaconda/journal.log:Oct 07 15:02:57 localhost yum[1293]: Quick matched samba-client-libs-4.7.1-6.el7.x86_64 to require for liblibcli-netlogon3-samba4.so(SAMBA_4.7.1)(64bit)
anaconda/journal.log:Oct 07 15:02:57 localhost yum[1293]: Quick matched samba-client-libs-4.7.1-6.el7.x86_64 to require for liblibcli-lsa3-samba4.so(SAMBA_4.7.1)(64bit)
anaconda/journal.log:Oct 07 15:02:57 localhost yum[1293]: Quick matched samba-client-libs-4.7.1-6.el7.x86_64 to require for libldbsamba-samba4.so(SAMBA_4.7.1)(64bit)
anaconda/journal.log:Oct 07 15:02:57 localhost yum[1293]: TSINFO: Marking libldb-1.2.2-1.el7.x86_64 as install for samba-client-4.7.1-6.el7.x86_64
anaconda/journal.log:Oct 07 15:02:57 localhost yum[1293]: Quick matched samba-client-libs-4.7.1-6.el7.x86_64 to require for libgensec-samba4.so(SAMBA_4.7.1)(64bit)
anaconda/journal.log:Oct 07 15:02:57 localhost yum[1293]: Quick matched samba-client-libs-4.7.1-6.el7.x86_64 to require for libgenrand-samba4.so(SAMBA_4.7.1)(64bit)
anaconda/journal.log:Oct 07 15:02:57 localhost yum[1293]: Quick matched samba-client-libs-4.7.1-6.el7.x86_64 to require for libevents-samba4.so(SAMBA_4.7.1)(64bit)
anaconda/journal.log:Oct 07 15:02:57 localhost yum[1293]: Quick matched samba-client-libs-4.7.1-6.el7.x86_64 to require for libdcerpc-samba-samba4.so(SAMBA_4.7.1)(64bit)
anaconda/journal.log:Oct 07 15:02:57 localhost yum[1293]: Quick matched samba-client-libs-4.7.1-6.el7.x86_64 to require for libdcerpc-binding.so.0(DCERPC_BINDING_0.0.1)(64bit)
anaconda/journal.log:Oct 07 15:02:57 localhost yum[1293]: Quick matched samba-client-libs-4.7.1-6.el7.x86_64 to require for libdbwrap-samba4.so(SAMBA_4.7.1)(64bit)
anaconda/journal.log:Oct 07 15:02:57 localhost yum[1293]: Quick matched samba-client-libs-4.7.1-6.el7.x86_64 to require for libcmdline-credentials-samba4.so(SAMBA_4.7.1)(64bit)
anaconda/journal.log:Oct 07 15:02:57 localhost yum[1293]: Quick matched samba-client-libs-4.7.1-6.el7.x86_64 to require for libcliauth-samba4.so(SAMBA_4.7.1)(64bit)
anaconda/journal.log:Oct 07 15:02:57 localhost yum[1293]: Quick matched samba-client-libs-4.7.1-6.el7.x86_64 to require for libcli-spoolss-samba4.so(SAMBA_4.7.1)(64bit)
anaconda/journal.log:Oct 07 15:02:57 localhost yum[1293]: Quick matched samba-client-libs-4.7.1-6.el7.x86_64 to require for libcli-smb-common-samba4.so(SAMBA_4.7.1)(64bit)
anaconda/journal.log:Oct 07 15:02:57 localhost yum[1293]: Quick matched samba-client-libs-4.7.1-6.el7.x86_64 to require for libcli-ldap-samba4.so(SAMBA_4.7.1)(64bit)
anaconda/journal.log:Oct 07 15:02:57 localhost yum[1293]: Quick matched samba-client-libs-4.7.1-6.el7.x86_64 to require for libcli-cldap-samba4.so(SAMBA_4.7.1)(64bit)
anaconda/journal.log:Oct 07 15:02:57 localhost yum[1293]: Quick matched samba-client-libs-4.7.1-6.el7.x86_64 to require for libaddns-samba4.so(SAMBA_4.7.1)(64bit)
anaconda/journal.log:Oct 07 15:02:57 localhost yum[1293]: Quick matched samba-client-libs-4.7.1-6.el7.x86_64 to require for libCHARSET3-samba4.so(SAMBA_4.7.1)(64bit)
anaconda/journal.log:Oct 07 15:02:57 localhost yum[1293]: Quick matched samba-client-libs-4.7.1-6.el7.x86_64 to require for libutil-tdb-samba4.so()(64bit)
anaconda/journal.log:Oct 07 15:02:57 localhost yum[1293]: Quick matched samba-client-libs-4.7.1-6.el7.x86_64 to require for libutil-reg-samba4.so()(64bit)
anaconda/journal.log:Oct 07 15:02:57 localhost yum[1293]: Quick matched samba-client-libs-4.7.1-6.el7.x86_64 to require for libutil-cmdline-samba4.so()(64bit)
anaconda/journal.log:Oct 07 15:02:57 localhost yum[1293]: Quick matched samba-client-libs-4.7.1-6.el7.x86_64 to require for libtrusts-util-samba4.so()(64bit)
anaconda/journal.log:Oct 07 15:02:57 localhost yum[1293]: Quick matched samba-client-libs-4.7.1-6.el7.x86_64 to require for libtevent-util.so.0()(64bit)
anaconda/journal.log:Oct 07 15:02:57 localhost yum[1293]: Quick matched samba-client-libs-4.7.1-6.el7.x86_64 to require for libsmbconf.so.0()(64bit)
anaconda/journal.log:Oct 07 15:02:57 localhost yum[1293]: Quick matched samba-client-libs-4.7.1-6.el7.x86_64 to require for libsmbclient-raw-samba4.so()(64bit)
anaconda/journal.log:Oct 07 15:02:57 localhost yum[1293]: Quick matched samba-client-libs-4.7.1-6.el7.x86_64 to require for libserver-role-samba4.so()(64bit)
anaconda/journal.log:Oct 07 15:02:57 localhost yum[1293]: Quick matched samba-client-libs-4.7.1-6.el7.x86_64 to require for libsecrets3-samba4.so()(64bit)
anaconda/journal.log:Oct 07 15:02:57 localhost yum[1293]: Quick matched samba-client-libs-4.7.1-6.el7.x86_64 to require for libsamdb-common-samba4.so()(64bit)
anaconda/journal.log:Oct 07 15:02:57 localhost yum[1293]: Quick matched samba-client-libs-4.7.1-6.el7.x86_64 to require for libsamba3-util-samba4.so()(64bit)
anaconda/journal.log:Oct 07 15:02:57 localhost yum[1293]: Quick matched samba-client-libs-4.7.1-6.el7.x86_64 to require for libsamba-util.so.0()(64bit)
anaconda/journal.log:Oct 07 15:02:57 localhost yum[1293]: Quick matched samba-client-libs-4.7.1-6.el7.x86_64 to require for libsamba-sockets-samba4.so()(64bit)
anaconda/journal.log:Oct 07 15:02:57 localhost yum[1293]: Quick matched samba-client-libs-4.7.1-6.el7.x86_64 to require for libsamba-security-samba4.so()(64bit)
anaconda/journal.log:Oct 07 15:02:57 localhost yum[1293]: Quick matched samba-client-libs-4.7.1-6.el7.x86_64 to require for libsamba-passdb.so.0()(64bit)
anaconda/journal.log:Oct 07 15:02:57 localhost yum[1293]: Quick matched samba-client-libs-4.7.1-6.el7.x86_64 to require for libsamba-hostconfig.so.0()(64bit)
anaconda/journal.log:Oct 07 15:02:57 localhost yum[1293]: Quick matched samba-client-libs-4.7.1-6.el7.x86_64 to require for libsamba-errors.so.1()(64bit)
anaconda/journal.log:Oct 07 15:02:57 localhost yum[1293]: Quick matched samba-client-libs-4.7.1-6.el7.x86_64 to require for libsamba-debug-samba4.so()(64bit)
anaconda/journal.log:Oct 07 15:02:57 localhost yum[1293]: Quick matched samba-client-libs-4.7.1-6.el7.x86_64 to require for libsamba-credentials.so.0()(64bit)
anaconda/journal.log:Oct 07 15:02:57 localhost yum[1293]: Quick matched samba-client-libs-4.7.1-6.el7.x86_64 to require for libreplace-samba4.so()(64bit)
anaconda/journal.log:Oct 07 15:02:57 localhost yum[1293]: Quick matched samba-client-libs-4.7.1-6.el7.x86_64 to require for libregistry-samba4.so()(64bit)
anaconda/journal.log:Oct 07 15:02:57 localhost yum[1293]: Quick matched samba-client-libs-4.7.1-6.el7.x86_64 to require for libndr-standard.so.0()(64bit)
anaconda/journal.log:Oct 07 15:02:57 localhost yum[1293]: Quick matched samba-client-libs-4.7.1-6.el7.x86_64 to require for libndr-samba4.so()(64bit)
anaconda/journal.log:Oct 07 15:02:57 localhost yum[1293]: Quick matched samba-client-libs-4.7.1-6.el7.x86_64 to require for libndr-samba-samba4.so()(64bit)
anaconda/journal.log:Oct 07 15:02:57 localhost yum[1293]: Quick matched samba-client-libs-4.7.1-6.el7.x86_64 to require for libndr-nbt.so.0()(64bit)
anaconda/journal.log:Oct 07 15:02:57 localhost yum[1293]: Quick matched samba-client-libs-4.7.1-6.el7.x86_64 to require for libmsrpc3-samba4.so()(64bit)
anaconda/journal.log:Oct 07 15:02:57 localhost yum[1293]: Quick matched samba-client-libs-4.7.1-6.el7.x86_64 to require for liblibsmb-samba4.so()(64bit)
anaconda/journal.log:Oct 07 15:02:57 localhost yum[1293]: Quick matched samba-client-libs-4.7.1-6.el7.x86_64 to require for liblibcli-netlogon3-samba4.so()(64bit)
anaconda/journal.log:Oct 07 15:02:57 localhost yum[1293]: Quick matched samba-client-libs-4.7.1-6.el7.x86_64 to require for liblibcli-lsa3-samba4.so()(64bit)
anaconda/journal.log:Oct 07 15:02:57 localhost yum[1293]: Quick matched samba-client-libs-4.7.1-6.el7.x86_64 to require for libldbsamba-samba4.so()(64bit)
anaconda/journal.log:Oct 07 15:02:57 localhost yum[1293]: Quick matched samba-client-libs-4.7.1-6.el7.x86_64 to require for libgensec-samba4.so()(64bit)
anaconda/journal.log:Oct 07 15:02:57 localhost yum[1293]: Quick matched samba-client-libs-4.7.1-6.el7.x86_64 to require for libgenrand-samba4.so()(64bit)
anaconda/journal.log:Oct 07 15:02:57 localhost yum[1293]: Quick matched samba-client-libs-4.7.1-6.el7.x86_64 to require for libevents-samba4.so()(64bit)
anaconda/journal.log:Oct 07 15:02:57 localhost yum[1293]: Quick matched samba-client-libs-4.7.1-6.el7.x86_64 to require for libdcerpc-samba-samba4.so()(64bit)
anaconda/journal.log:Oct 07 15:02:57 localhost yum[1293]: Quick matched samba-client-libs-4.7.1-6.el7.x86_64 to require for libdcerpc-binding.so.0()(64bit)
anaconda/journal.log:Oct 07 15:02:57 localhost yum[1293]: Quick matched samba-client-libs-4.7.1-6.el7.x86_64 to require for libdbwrap-samba4.so()(64bit)
anaconda/journal.log:Oct 07 15:02:57 localhost yum[1293]: Quick matched samba-client-libs-4.7.1-6.el7.x86_64 to require for libcmdline-credentials-samba4.so()(64bit)
anaconda/journal.log:Oct 07 15:02:57 localhost yum[1293]: Quick matched samba-client-libs-4.7.1-6.el7.x86_64 to require for libcliauth-samba4.so()(64bit)
anaconda/journal.log:Oct 07 15:02:57 localhost yum[1293]: Quick matched samba-client-libs-4.7.1-6.el7.x86_64 to require for libcli-spoolss-samba4.so()(64bit)
anaconda/journal.log:Oct 07 15:02:57 localhost yum[1293]: Quick matched samba-client-libs-4.7.1-6.el7.x86_64 to require for libcli-smb-common-samba4.so()(64bit)
anaconda/journal.log:Oct 07 15:02:57 localhost yum[1293]: Quick matched samba-client-libs-4.7.1-6.el7.x86_64 to require for libcli-ldap-samba4.so()(64bit)
anaconda/journal.log:Oct 07 15:02:57 localhost yum[1293]: Quick matched samba-client-libs-4.7.1-6.el7.x86_64 to require for libcli-cldap-samba4.so()(64bit)
anaconda/journal.log:Oct 07 15:02:57 localhost yum[1293]: Quick matched samba-client-libs-4.7.1-6.el7.x86_64 to require for libaddns-samba4.so()(64bit)
anaconda/journal.log:Oct 07 15:02:57 localhost yum[1293]: Quick matched samba-client-libs-4.7.1-6.el7.x86_64 to require for libCHARSET3-samba4.so()(64bit)
anaconda/journal.log:Oct 07 15:03:39 localhost yum[1293]: TSINFO: Marking samba-common-libs-4.7.1-6.el7.x86_64 as install for samba-client-4.7.1-6.el7.x86_64
anaconda/journal.log:Oct 07 15:03:39 localhost yum[1293]: TSINFO: Marking samba-common-4.7.1-6.el7.noarch as install for samba-client-4.7.1-6.el7.x86_64
anaconda/journal.log:Oct 07 15:03:39 localhost yum[1293]: Quick matched samba-common-4.7.1-6.el7.noarch to require for samba-common
anaconda/journal.log:Oct 07 15:03:39 localhost yum[1293]: TSINFO: Marking samba-client-libs-4.7.1-6.el7.x86_64 as install for samba-client-4.7.1-6.el7.x86_64
anaconda/journal.log:Oct 07 15:03:39 localhost yum[1293]: Quick matched samba-client-libs-4.7.1-6.el7.x86_64 to require for libutil-tdb-samba4.so(SAMBA_4.7.1)(64bit)
anaconda/journal.log:Oct 07 15:03:39 localhost yum[1293]: Quick matched samba-client-libs-4.7.1-6.el7.x86_64 to require for libutil-reg-samba4.so(SAMBA_4.7.1)(64bit)
anaconda/journal.log:Oct 07 15:03:39 localhost yum[1293]: Quick matched samba-client-libs-4.7.1-6.el7.x86_64 to require for libutil-cmdline-samba4.so(SAMBA_4.7.1)(64bit)
anaconda/journal.log:Oct 07 15:03:39 localhost yum[1293]: Quick matched samba-client-libs-4.7.1-6.el7.x86_64 to require for libtrusts-util-samba4.so(SAMBA_4.7.1)(64bit)
anaconda/journal.log:Oct 07 15:03:39 localhost yum[1293]: Quick matched samba-client-libs-4.7.1-6.el7.x86_64 to require for libtevent-util.so.0(TEVENT_UTIL_0.0.1)(64bit)
anaconda/journal.log:Oct 07 15:03:39 localhost yum[1293]: Quick matched samba-client-libs-4.7.1-6.el7.x86_64 to require for libsmbconf.so.0(SMBCONF_0)(64bit)
anaconda/journal.log:Oct 07 15:03:39 localhost yum[1293]: Quick matched samba-client-libs-4.7.1-6.el7.x86_64 to require for libsmbclient-raw-samba4.so(SAMBA_4.7.1)(64bit)
anaconda/journal.log:Oct 07 15:03:39 localhost yum[1293]: Quick matched samba-client-libs-4.7.1-6.el7.x86_64 to require for libserver-role-samba4.so(SAMBA_4.7.1)(64bit)
anaconda/journal.log:Oct 07 15:03:39 localhost yum[1293]: Quick matched samba-client-libs-4.7.1-6.el7.x86_64 to require for libsecrets3-samba4.so(SAMBA_4.7.1)(64bit)
anaconda/journal.log:Oct 07 15:03:39 localhost yum[1293]: Quick matched samba-client-libs-4.7.1-6.el7.x86_64 to require for libsamdb-common-samba4.so(SAMBA_4.7.1)(64bit)
anaconda/journal.log:Oct 07 15:03:39 localhost yum[1293]: Quick matched samba-client-libs-4.7.1-6.el7.x86_64 to require for libsamba3-util-samba4.so(SAMBA_4.7.1)(64bit)
anaconda/journal.log:Oct 07 15:03:39 localhost yum[1293]: Quick matched samba-client-libs-4.7.1-6.el7.x86_64 to require for libsamba-util.so.0(SAMBA_UTIL_0.0.1)(64bit)
anaconda/journal.log:Oct 07 15:03:39 localhost yum[1293]: Quick matched samba-client-libs-4.7.1-6.el7.x86_64 to require for libsamba-sockets-samba4.so(SAMBA_4.7.1)(64bit)
anaconda/journal.log:Oct 07 15:03:39 localhost yum[1293]: Quick matched samba-client-libs-4.7.1-6.el7.x86_64 to require for libsamba-security-samba4.so(SAMBA_4.7.1)(64bit)
anaconda/journal.log:Oct 07 15:03:39 localhost yum[1293]: Quick matched samba-client-libs-4.7.1-6.el7.x86_64 to require for libsamba-passdb.so.0(SAMBA_PASSDB_0.2.0)(64bit)
anaconda/journal.log:Oct 07 15:03:39 localhost yum[1293]: Quick matched samba-client-libs-4.7.1-6.el7.x86_64 to require for libsamba-hostconfig.so.0(SAMBA_HOSTCONFIG_0.0.1)(64bit)
anaconda/journal.log:Oct 07 15:03:39 localhost yum[1293]: Quick matched samba-client-libs-4.7.1-6.el7.x86_64 to require for libsamba-errors.so.1(SAMBA_ERRORS_1)(64bit)
anaconda/journal.log:Oct 07 15:03:39 localhost yum[1293]: Quick matched samba-client-libs-4.7.1-6.el7.x86_64 to require for libsamba-debug-samba4.so(SAMBA_4.7.1)(64bit)
anaconda/journal.log:Oct 07 15:03:39 localhost yum[1293]: Quick matched samba-client-libs-4.7.1-6.el7.x86_64 to require for libsamba-credentials.so.0(SAMBA_CREDENTIALS_0.0.1)(64bit)
anaconda/journal.log:Oct 07 15:03:39 localhost yum[1293]: Quick matched samba-client-libs-4.7.1-6.el7.x86_64 to require for libreplace-samba4.so(SAMBA_4.7.1)(64bit)
anaconda/journal.log:Oct 07 15:03:39 localhost yum[1293]: Quick matched samba-client-libs-4.7.1-6.el7.x86_64 to require for libregistry-samba4.so(SAMBA_4.7.1)(64bit)
anaconda/journal.log:Oct 07 15:03:39 localhost yum[1293]: Quick matched samba-client-libs-4.7.1-6.el7.x86_64 to require for libndr-standard.so.0(NDR_STANDARD_0.0.1)(64bit)
anaconda/journal.log:Oct 07 15:03:39 localhost yum[1293]: Quick matched samba-client-libs-4.7.1-6.el7.x86_64 to require for libndr-samba4.so(SAMBA_4.7.1)(64bit)
anaconda/journal.log:Oct 07 15:03:39 localhost yum[1293]: Quick matched samba-client-libs-4.7.1-6.el7.x86_64 to require for libndr-samba-samba4.so(SAMBA_4.7.1)(64bit)
anaconda/journal.log:Oct 07 15:03:39 localhost yum[1293]: Quick matched samba-client-libs-4.7.1-6.el7.x86_64 to require for libndr-nbt.so.0(NDR_NBT_0.0.1)(64bit)
anaconda/journal.log:Oct 07 15:03:39 localhost yum[1293]: Quick matched samba-client-libs-4.7.1-6.el7.x86_64 to require for libmsrpc3-samba4.so(SAMBA_4.7.1)(64bit)
anaconda/journal.log:Oct 07 15:03:39 localhost yum[1293]: Quick matched samba-client-libs-4.7.1-6.el7.x86_64 to require for liblibsmb-samba4.so(SAMBA_4.7.1)(64bit)
anaconda/journal.log:Oct 07 15:03:39 localhost yum[1293]: Quick matched samba-client-libs-4.7.1-6.el7.x86_64 to require for liblibcli-netlogon3-samba4.so(SAMBA_4.7.1)(64bit)
anaconda/journal.log:Oct 07 15:03:39 localhost yum[1293]: Quick matched samba-client-libs-4.7.1-6.el7.x86_64 to require for liblibcli-lsa3-samba4.so(SAMBA_4.7.1)(64bit)
anaconda/journal.log:Oct 07 15:03:39 localhost yum[1293]: Quick matched samba-client-libs-4.7.1-6.el7.x86_64 to require for libldbsamba-samba4.so(SAMBA_4.7.1)(64bit)
anaconda/journal.log:Oct 07 15:03:39 localhost yum[1293]: TSINFO: Marking libldb-1.2.2-1.el7.x86_64 as install for samba-client-4.7.1-6.el7.x86_64
anaconda/journal.log:Oct 07 15:03:39 localhost yum[1293]: Quick matched samba-client-libs-4.7.1-6.el7.x86_64 to require for libgensec-samba4.so(SAMBA_4.7.1)(64bit)
anaconda/journal.log:Oct 07 15:03:39 localhost yum[1293]: Quick matched samba-client-libs-4.7.1-6.el7.x86_64 to require for libgenrand-samba4.so(SAMBA_4.7.1)(64bit)
anaconda/journal.log:Oct 07 15:03:39 localhost yum[1293]: Quick matched samba-client-libs-4.7.1-6.el7.x86_64 to require for libevents-samba4.so(SAMBA_4.7.1)(64bit)
anaconda/journal.log:Oct 07 15:03:39 localhost yum[1293]: Quick matched samba-client-libs-4.7.1-6.el7.x86_64 to require for libdcerpc-samba-samba4.so(SAMBA_4.7.1)(64bit)
anaconda/journal.log:Oct 07 15:03:39 localhost yum[1293]: Quick matched samba-client-libs-4.7.1-6.el7.x86_64 to require for libdcerpc-binding.so.0(DCERPC_BINDING_0.0.1)(64bit)
anaconda/journal.log:Oct 07 15:03:39 localhost yum[1293]: Quick matched samba-client-libs-4.7.1-6.el7.x86_64 to require for libdbwrap-samba4.so(SAMBA_4.7.1)(64bit)
anaconda/journal.log:Oct 07 15:03:39 localhost yum[1293]: Quick matched samba-client-libs-4.7.1-6.el7.x86_64 to require for libcmdline-credentials-samba4.so(SAMBA_4.7.1)(64bit)
anaconda/journal.log:Oct 07 15:03:39 localhost yum[1293]: Quick matched samba-client-libs-4.7.1-6.el7.x86_64 to require for libcliauth-samba4.so(SAMBA_4.7.1)(64bit)
anaconda/journal.log:Oct 07 15:03:39 localhost yum[1293]: Quick matched samba-client-libs-4.7.1-6.el7.x86_64 to require for libcli-spoolss-samba4.so(SAMBA_4.7.1)(64bit)
anaconda/journal.log:Oct 07 15:03:39 localhost yum[1293]: Quick matched samba-client-libs-4.7.1-6.el7.x86_64 to require for libcli-smb-common-samba4.so(SAMBA_4.7.1)(64bit)
anaconda/journal.log:Oct 07 15:03:39 localhost yum[1293]: Quick matched samba-client-libs-4.7.1-6.el7.x86_64 to require for libcli-ldap-samba4.so(SAMBA_4.7.1)(64bit)
anaconda/journal.log:Oct 07 15:03:39 localhost yum[1293]: Quick matched samba-client-libs-4.7.1-6.el7.x86_64 to require for libcli-cldap-samba4.so(SAMBA_4.7.1)(64bit)
anaconda/journal.log:Oct 07 15:03:39 localhost yum[1293]: Quick matched samba-client-libs-4.7.1-6.el7.x86_64 to require for libaddns-samba4.so(SAMBA_4.7.1)(64bit)
anaconda/journal.log:Oct 07 15:03:39 localhost yum[1293]: Quick matched samba-client-libs-4.7.1-6.el7.x86_64 to require for libCHARSET3-samba4.so(SAMBA_4.7.1)(64bit)
anaconda/journal.log:Oct 07 15:03:39 localhost yum[1293]: Quick matched samba-client-libs-4.7.1-6.el7.x86_64 to require for libutil-tdb-samba4.so()(64bit)
anaconda/journal.log:Oct 07 15:03:39 localhost yum[1293]: Quick matched samba-client-libs-4.7.1-6.el7.x86_64 to require for libutil-reg-samba4.so()(64bit)
anaconda/journal.log:Oct 07 15:03:39 localhost yum[1293]: Quick matched samba-client-libs-4.7.1-6.el7.x86_64 to require for libutil-cmdline-samba4.so()(64bit)
anaconda/journal.log:Oct 07 15:03:39 localhost yum[1293]: Quick matched samba-client-libs-4.7.1-6.el7.x86_64 to require for libtrusts-util-samba4.so()(64bit)
anaconda/journal.log:Oct 07 15:03:39 localhost yum[1293]: Quick matched samba-client-libs-4.7.1-6.el7.x86_64 to require for libtevent-util.so.0()(64bit)
anaconda/journal.log:Oct 07 15:03:39 localhost yum[1293]: Quick matched samba-client-libs-4.7.1-6.el7.x86_64 to require for libsmbconf.so.0()(64bit)
anaconda/journal.log:Oct 07 15:03:39 localhost yum[1293]: Quick matched samba-client-libs-4.7.1-6.el7.x86_64 to require for libsmbclient-raw-samba4.so()(64bit)
anaconda/journal.log:Oct 07 15:03:39 localhost yum[1293]: Quick matched samba-client-libs-4.7.1-6.el7.x86_64 to require for libserver-role-samba4.so()(64bit)
anaconda/journal.log:Oct 07 15:03:39 localhost yum[1293]: Quick matched samba-client-libs-4.7.1-6.el7.x86_64 to require for libsecrets3-samba4.so()(64bit)
anaconda/journal.log:Oct 07 15:03:39 localhost yum[1293]: Quick matched samba-client-libs-4.7.1-6.el7.x86_64 to require for libsamdb-common-samba4.so()(64bit)
anaconda/journal.log:Oct 07 15:03:39 localhost yum[1293]: Quick matched samba-client-libs-4.7.1-6.el7.x86_64 to require for libsamba3-util-samba4.so()(64bit)
anaconda/journal.log:Oct 07 15:03:39 localhost yum[1293]: Quick matched samba-client-libs-4.7.1-6.el7.x86_64 to require for libsamba-util.so.0()(64bit)
anaconda/journal.log:Oct 07 15:03:39 localhost yum[1293]: Quick matched samba-client-libs-4.7.1-6.el7.x86_64 to require for libsamba-sockets-samba4.so()(64bit)
anaconda/journal.log:Oct 07 15:03:39 localhost yum[1293]: Quick matched samba-client-libs-4.7.1-6.el7.x86_64 to require for libsamba-security-samba4.so()(64bit)
anaconda/journal.log:Oct 07 15:03:39 localhost yum[1293]: Quick matched samba-client-libs-4.7.1-6.el7.x86_64 to require for libsamba-passdb.so.0()(64bit)
anaconda/journal.log:Oct 07 15:03:39 localhost yum[1293]: Quick matched samba-client-libs-4.7.1-6.el7.x86_64 to require for libsamba-hostconfig.so.0()(64bit)
anaconda/journal.log:Oct 07 15:03:39 localhost yum[1293]: Quick matched samba-client-libs-4.7.1-6.el7.x86_64 to require for libsamba-errors.so.1()(64bit)
anaconda/journal.log:Oct 07 15:03:39 localhost yum[1293]: Quick matched samba-client-libs-4.7.1-6.el7.x86_64 to require for libsamba-debug-samba4.so()(64bit)
anaconda/journal.log:Oct 07 15:03:39 localhost yum[1293]: Quick matched samba-client-libs-4.7.1-6.el7.x86_64 to require for libsamba-credentials.so.0()(64bit)
anaconda/journal.log:Oct 07 15:03:39 localhost yum[1293]: Quick matched samba-client-libs-4.7.1-6.el7.x86_64 to require for libreplace-samba4.so()(64bit)
anaconda/journal.log:Oct 07 15:03:39 localhost yum[1293]: Quick matched samba-client-libs-4.7.1-6.el7.x86_64 to require for libregistry-samba4.so()(64bit)
anaconda/journal.log:Oct 07 15:03:39 localhost yum[1293]: Quick matched samba-client-libs-4.7.1-6.el7.x86_64 to require for libndr-standard.so.0()(64bit)
anaconda/journal.log:Oct 07 15:03:39 localhost yum[1293]: Quick matched samba-client-libs-4.7.1-6.el7.x86_64 to require for libndr-samba4.so()(64bit)
anaconda/journal.log:Oct 07 15:03:39 localhost yum[1293]: Quick matched samba-client-libs-4.7.1-6.el7.x86_64 to require for libndr-samba-samba4.so()(64bit)
anaconda/journal.log:Oct 07 15:03:39 localhost yum[1293]: Quick matched samba-client-libs-4.7.1-6.el7.x86_64 to require for libndr-nbt.so.0()(64bit)
anaconda/journal.log:Oct 07 15:03:39 localhost yum[1293]: Quick matched samba-client-libs-4.7.1-6.el7.x86_64 to require for libmsrpc3-samba4.so()(64bit)
anaconda/journal.log:Oct 07 15:03:39 localhost yum[1293]: Quick matched samba-client-libs-4.7.1-6.el7.x86_64 to require for liblibsmb-samba4.so()(64bit)
anaconda/journal.log:Oct 07 15:03:39 localhost yum[1293]: Quick matched samba-client-libs-4.7.1-6.el7.x86_64 to require for liblibcli-netlogon3-samba4.so()(64bit)
anaconda/journal.log:Oct 07 15:03:39 localhost yum[1293]: Quick matched samba-client-libs-4.7.1-6.el7.x86_64 to require for liblibcli-lsa3-samba4.so()(64bit)
anaconda/journal.log:Oct 07 15:03:39 localhost yum[1293]: Quick matched samba-client-libs-4.7.1-6.el7.x86_64 to require for libldbsamba-samba4.so()(64bit)
anaconda/journal.log:Oct 07 15:03:39 localhost yum[1293]: Quick matched samba-client-libs-4.7.1-6.el7.x86_64 to require for libgensec-samba4.so()(64bit)
anaconda/journal.log:Oct 07 15:03:39 localhost yum[1293]: Quick matched samba-client-libs-4.7.1-6.el7.x86_64 to require for libgenrand-samba4.so()(64bit)
anaconda/journal.log:Oct 07 15:03:39 localhost yum[1293]: Quick matched samba-client-libs-4.7.1-6.el7.x86_64 to require for libevents-samba4.so()(64bit)
anaconda/journal.log:Oct 07 15:03:39 localhost yum[1293]: Quick matched samba-client-libs-4.7.1-6.el7.x86_64 to require for libdcerpc-samba-samba4.so()(64bit)
anaconda/journal.log:Oct 07 15:03:39 localhost yum[1293]: Quick matched samba-client-libs-4.7.1-6.el7.x86_64 to require for libdcerpc-binding.so.0()(64bit)
anaconda/journal.log:Oct 07 15:03:39 localhost yum[1293]: Quick matched samba-client-libs-4.7.1-6.el7.x86_64 to require for libdbwrap-samba4.so()(64bit)
anaconda/journal.log:Oct 07 15:03:39 localhost yum[1293]: Quick matched samba-client-libs-4.7.1-6.el7.x86_64 to require for libcmdline-credentials-samba4.so()(64bit)
anaconda/journal.log:Oct 07 15:03:39 localhost yum[1293]: Quick matched samba-client-libs-4.7.1-6.el7.x86_64 to require for libcliauth-samba4.so()(64bit)
anaconda/journal.log:Oct 07 15:03:39 localhost yum[1293]: Quick matched samba-client-libs-4.7.1-6.el7.x86_64 to require for libcli-spoolss-samba4.so()(64bit)
anaconda/journal.log:Oct 07 15:03:39 localhost yum[1293]: Quick matched samba-client-libs-4.7.1-6.el7.x86_64 to require for libcli-smb-common-samba4.so()(64bit)
anaconda/journal.log:Oct 07 15:03:39 localhost yum[1293]: Quick matched samba-client-libs-4.7.1-6.el7.x86_64 to require for libcli-ldap-samba4.so()(64bit)
anaconda/journal.log:Oct 07 15:03:39 localhost yum[1293]: Quick matched samba-client-libs-4.7.1-6.el7.x86_64 to require for libcli-cldap-samba4.so()(64bit)
anaconda/journal.log:Oct 07 15:03:39 localhost yum[1293]: Quick matched samba-client-libs-4.7.1-6.el7.x86_64 to require for libaddns-samba4.so()(64bit)
anaconda/journal.log:Oct 07 15:03:39 localhost yum[1293]: Quick matched samba-client-libs-4.7.1-6.el7.x86_64 to require for libCHARSET3-samba4.so()(64bit)
anaconda/journal.log:Oct 07 15:04:01 localhost packaging[1293]: Member: samba-client.x86_64 0:4.7.1-6.el7 - u
anaconda/journal.log:Oct 07 15:04:01 localhost packaging[1293]: Adding Package samba-client-4.7.1-6.el7.x86_64 in mode u
anaconda/journal.log:Oct 07 15:04:01 localhost packaging[1293]: Member: samba-client-libs.x86_64 0:4.7.1-6.el7 - u
anaconda/journal.log:Oct 07 15:04:02 localhost packaging[1293]: Adding Package samba-client-libs-4.7.1-6.el7.x86_64 in mode u
anaconda/journal.log:Oct 07 15:04:03 localhost packaging[1293]: Member: samba-common-libs.x86_64 0:4.7.1-6.el7 - u
anaconda/journal.log:Oct 07 15:04:03 localhost packaging[1293]: Adding Package samba-common-libs-4.7.1-6.el7.x86_64 in mode u
anaconda/journal.log:Oct 07 15:09:56 localhost packaging[1293]: Instalando samba-common (651/1365)
anaconda/journal.log:Oct 07 15:09:56 localhost packaging[1293]: Instalando samba-common-libs (652/1365)
anaconda/journal.log:Oct 07 15:09:57 localhost packaging[1293]: Instalando samba-client-libs (654/1365)
anaconda/journal.log:Oct 07 15:19:25 localhost packaging[1293]: Instalando samba-client (1240/1365)
anaconda/journal.log:Oct 07 15:44:39 localhost packaging[1293]: samba-common-4.7.1-6.el7.noarch (651/1365)
anaconda/journal.log:Oct 07 15:44:39 localhost packaging[1293]: samba-common-libs-4.7.1-6.el7.x86_64 (652/1365)
anaconda/journal.log:Oct 07 15:44:39 localhost packaging[1293]: samba-client-libs-4.7.1-6.el7.x86_64 (654/1365)
anaconda/journal.log:Oct 07 15:44:39 localhost packaging[1293]: samba-client-4.7.1-6.el7.x86_64 (1240/1365)
yum.log:Oct 07 18:07:07 Updated: samba-common-4.7.1-9.el7_5.noarch
yum.log:Oct 07 18:08:42 Updated: samba-client-libs-4.7.1-9.el7_5.x86_64
yum.log:Oct 07 18:08:43 Updated: samba-common-libs-4.7.1-9.el7_5.x86_64
yum.log:Oct 07 18:12:20 Updated: samba-client-4.7.1-9.el7_5.x86_64
yum.log:Nov 25 19:44:37 Installed: samba-libs-4.7.1-9.el7_5.x86_64
yum.log:Nov 25 19:44:38 Installed: samba-common-tools-4.7.1-9.el7_5.x86_64
yum.log:Nov 25 19:44:38 Installed: samba-4.7.1-9.el7_5.x86_64
messages-20181125:Oct  7 18:07:07 localhost yum[15133]: Updated: samba-common-4.7.1-9.el7_5.noarch
messages-20181125:Oct  7 18:08:42 localhost yum[15133]: Updated: samba-client-libs-4.7.1-9.el7_5.x86_64
messages-20181125:Oct  7 18:08:43 localhost yum[15133]: Updated: samba-common-libs-4.7.1-9.el7_5.x86_64
messages-20181125:Oct  7 18:12:20 localhost yum[15133]: Updated: samba-client-4.7.1-9.el7_5.x86_64
messages-20181202:Nov 25 19:44:37 localhost yum[1885]: Installed: samba-libs-4.7.1-9.el7_5.x86_64
messages-20181202:Nov 25 19:44:38 localhost yum[1885]: Installed: samba-common-tools-4.7.1-9.el7_5.x86_64
messages-20181202:Nov 25 19:44:38 localhost yum[1885]: Installed: samba-4.7.1-9.el7_5.x86_64
